.next/types/app/analytics/page.ts(2,24): error TS2306: File '/media/vane/Movies/Projects/zenith/src/app/analytics/page.tsx' is not a module.
.next/types/app/analytics/page.ts(5,29): error TS2306: File '/media/vane/Movies/Projects/zenith/src/app/analytics/page.tsx' is not a module.
.next/types/app/api/auth/change-password/route.ts(2,24): error TS2306: File '/media/vane/Movies/Projects/zenith/src/app/api/auth/change-password/route.ts' is not a module.
.next/types/app/api/auth/change-password/route.ts(5,29): error TS2306: File '/media/vane/Movies/Projects/zenith/src/app/api/auth/change-password/route.ts' is not a module.
.next/types/app/api/auth/login-optimized/route.ts(2,24): error TS2306: File '/media/vane/Movies/Projects/zenith/src/app/api/auth/login-optimized/route.ts' is not a module.
.next/types/app/api/auth/login-optimized/route.ts(5,29): error TS2306: File '/media/vane/Movies/Projects/zenith/src/app/api/auth/login-optimized/route.ts' is not a module.
.next/types/app/api/auth/send-email-otp/route.ts(2,24): error TS2306: File '/media/vane/Movies/Projects/zenith/src/app/api/auth/send-email-otp/route.ts' is not a module.
.next/types/app/api/auth/send-email-otp/route.ts(5,29): error TS2306: File '/media/vane/Movies/Projects/zenith/src/app/api/auth/send-email-otp/route.ts' is not a module.
.next/types/app/api/auth/sessions/route.ts(2,24): error TS2306: File '/media/vane/Movies/Projects/zenith/src/app/api/auth/sessions/route.ts' is not a module.
.next/types/app/api/auth/sessions/route.ts(5,29): error TS2306: File '/media/vane/Movies/Projects/zenith/src/app/api/auth/sessions/route.ts' is not a module.
.next/types/app/api/auth/trusted-devices/route.ts(2,24): error TS2306: File '/media/vane/Movies/Projects/zenith/src/app/api/auth/trusted-devices/route.ts' is not a module.
.next/types/app/api/auth/trusted-devices/route.ts(5,29): error TS2306: File '/media/vane/Movies/Projects/zenith/src/app/api/auth/trusted-devices/route.ts' is not a module.
.next/types/app/api/clubs/management/coordinator/route.ts(2,24): error TS2306: File '/media/vane/Movies/Projects/zenith/src/app/api/clubs/management/coordinator/route.ts' is not a module.
.next/types/app/api/clubs/management/coordinator/route.ts(5,29): error TS2306: File '/media/vane/Movies/Projects/zenith/src/app/api/clubs/management/coordinator/route.ts' is not a module.
.next/types/app/api/events/[id]/join/route.ts(166,7): error TS2344: Type '{ __tag__: "POST"; __param_position__: "second"; __param_type__: { params: { id: string; }; }; }' does not satisfy the constraint 'ParamCheck<RouteContext>'.
  The types of '__param_type__.params' are incompatible between these types.
    Type '{ id: string; }' is missing the following properties from type 'Promise<any>': then, catch, finally, [Symbol.toStringTag]
.next/types/app/api/events/[id]/join/route.ts(244,7): error TS2344: Type '{ __tag__: "DELETE"; __param_position__: "second"; __param_type__: { params: { id: string; }; }; }' does not satisfy the constraint 'ParamCheck<RouteContext>'.
  The types of '__param_type__.params' are incompatible between these types.
    Type '{ id: string; }' is missing the following properties from type 'Promise<any>': then, catch, finally, [Symbol.toStringTag]
.next/types/app/api/profile/password/route.ts(2,24): error TS2306: File '/media/vane/Movies/Projects/zenith/src/app/api/profile/password/route.ts' is not a module.
.next/types/app/api/profile/password/route.ts(5,29): error TS2306: File '/media/vane/Movies/Projects/zenith/src/app/api/profile/password/route.ts' is not a module.
.next/types/app/chat/[id]/page.ts(34,29): error TS2344: Type '{ params: { id: string; }; }' does not satisfy the constraint 'PageProps'.
  Types of property 'params' are incompatible.
    Type '{ id: string; }' is missing the following properties from type 'Promise<any>': then, catch, finally, [Symbol.toStringTag]
.next/types/app/members/page.ts(2,24): error TS2306: File '/media/vane/Movies/Projects/zenith/src/app/members/page.tsx' is not a module.
.next/types/app/members/page.ts(5,29): error TS2306: File '/media/vane/Movies/Projects/zenith/src/app/members/page.tsx' is not a module.
.next/types/app/security/page.ts(2,24): error TS2306: File '/media/vane/Movies/Projects/zenith/src/app/security/page.tsx' is not a module.
.next/types/app/security/page.ts(5,29): error TS2306: File '/media/vane/Movies/Projects/zenith/src/app/security/page.tsx' is not a module.
.next/types/app/settings/page.ts(2,24): error TS2306: File '/media/vane/Movies/Projects/zenith/src/app/settings/page.tsx' is not a module.
.next/types/app/settings/page.ts(5,29): error TS2306: File '/media/vane/Movies/Projects/zenith/src/app/settings/page.tsx' is not a module.
scripts/init-committee.ts(18,7): error TS2322: Type '{ name: string; }' is not assignable to type 'CommitteeWhereUniqueInput'.
  Type '{ name: string; }' is not assignable to type '{ id: string; } & { id?: string | undefined; AND?: CommitteeWhereInput | CommitteeWhereInput[] | undefined; OR?: CommitteeWhereInput[] | undefined; ... 11 more ...; committee_roles?: CommitteeRoleListRelationFilter | undefined; }'.
    Property 'id' is missing in type '{ name: string; }' but required in type '{ id: string; }'.
src/app/api/announcements/route.ts(30,7): error TS18046: 'announcements' is of type 'unknown'.
src/app/api/announcements/route.ts(30,32): error TS7006: Parameter 'announcement' implicitly has an 'any' type.
src/app/api/assignments/[id]/questions/route.ts(16,33): error TS2339: Property 'id' does not exist on type 'Promise<{ id: string; }>'.
src/app/api/assignments/[id]/questions/route.ts(168,16): error TS18046: 'error' is of type 'unknown'.
src/app/api/assignments/[id]/report/route.ts(168,15): error TS18046: 'type' is of type 'unknown'.
src/app/api/assignments/[id]/report/route.ts(169,25): error TS18046: 'type' is of type 'unknown'.
src/app/api/assignments/[id]/report/route.ts(183,16): error TS18046: 'range' is of type 'unknown'.
src/app/api/assignments/[id]/report/route.ts(184,25): error TS18046: 'range' is of type 'unknown'.
src/app/api/assignments/[id]/report/route.ts(187,13): error TS18046: 'q' is of type 'unknown'.
src/app/api/assignments/[id]/report/route.ts(188,16): error TS18046: 'q' is of type 'unknown'.
src/app/api/assignments/[id]/report/route.ts(189,15): error TS18046: 'q' is of type 'unknown'.
src/app/api/assignments/[id]/report/route.ts(190,32): error TS18046: 'q' is of type 'unknown'.
src/app/api/assignments/[id]/report/route.ts(191,32): error TS18046: 'q' is of type 'unknown'.
src/app/api/assignments/[id]/report/route.ts(192,28): error TS18046: 'q' is of type 'unknown'.
src/app/api/assignments/[id]/report/route.ts(193,32): error TS18046: 'q' is of type 'unknown'.
src/app/api/assignments/[id]/report/route.ts(193,60): error TS18046: 'q' is of type 'unknown'.
src/app/api/assignments/[id]/report/route.ts(194,34): error TS18046: 'q' is of type 'unknown'.
src/app/api/assignments/[id]/results/route.ts(188,55): error TS18046: 'r' is of type 'unknown'.
src/app/api/assignments/[id]/results/route.ts(188,73): error TS18046: 'question' is of type 'unknown'.
src/app/api/assignments/[id]/results/route.ts(204,11): error TS18046: 'question' is of type 'unknown'.
src/app/api/assignments/[id]/results/route.ts(204,59): error TS18046: 'question' is of type 'unknown'.
src/app/api/assignments/[id]/results/route.ts(206,25): error TS18046: 'question' is of type 'unknown'.
src/app/api/assignments/[id]/results/route.ts(207,19): error TS18046: 'question' is of type 'unknown'.
src/app/api/assignments/[id]/results/route.ts(208,27): error TS18046: 'question' is of type 'unknown'.
src/app/api/assignments/[id]/results/route.ts(209,13): error TS18046: 'question' is of type 'unknown'.
src/app/api/assignments/[id]/results/route.ts(212,16): error TS18046: 'question' is of type 'unknown'.
src/app/api/assignments/[id]/results/route.ts(212,61): error TS18046: 'question' is of type 'unknown'.
src/app/api/assignments/[id]/results/route.ts(214,25): error TS18046: 'question' is of type 'unknown'.
src/app/api/assignments/[id]/results/route.ts(215,19): error TS18046: 'question' is of type 'unknown'.
src/app/api/assignments/[id]/results/route.ts(216,27): error TS18046: 'question' is of type 'unknown'.
src/app/api/assignments/[id]/results/route.ts(217,13): error TS18046: 'question' is of type 'unknown'.
src/app/api/assignments/[id]/results/route.ts(220,16): error TS18046: 'question' is of type 'unknown'.
src/app/api/assignments/[id]/results/route.ts(222,25): error TS18046: 'question' is of type 'unknown'.
src/app/api/assignments/[id]/results/route.ts(224,16): error TS18046: 'question' is of type 'unknown'.
src/app/api/assignments/[id]/results/route.ts(224,61): error TS18046: 'question' is of type 'unknown'.
src/app/api/assignments/[id]/results/route.ts(226,25): error TS18046: 'question' is of type 'unknown'.
src/app/api/assignments/[id]/results/route.ts(228,16): error TS18046: 'question' is of type 'unknown'.
src/app/api/assignments/[id]/results/route.ts(251,17): error TS2588: Cannot assign to 'testCaseResults' because it is a constant.
src/app/api/assignments/[id]/results/route.ts(259,47): error TS18046: 'question' is of type 'unknown'.
src/app/api/assignments/[id]/results/route.ts(262,40): error TS18046: 'question' is of type 'unknown'.
src/app/api/assignments/[id]/results/route.ts(263,33): error TS18046: 'question' is of type 'unknown'.
src/app/api/assignments/[id]/results/route.ts(264,19): error TS18046: 'question' is of type 'unknown'.
src/app/api/assignments/[id]/results/route.ts(267,17): error TS2588: Cannot assign to 'testCaseResults' because it is a constant.
src/app/api/assignments/[id]/results/route.ts(268,23): error TS18046: 'testCase' is of type 'unknown'.
src/app/api/assignments/[id]/results/route.ts(269,26): error TS18046: 'testCase' is of type 'unknown'.
src/app/api/assignments/[id]/results/route.ts(270,35): error TS18046: 'testCase' is of type 'unknown'.
src/app/api/assignments/[id]/results/route.ts(275,17): error TS2588: Cannot assign to 'testCaseResults' because it is a constant.
src/app/api/assignments/[id]/results/route.ts(280,15): error TS2588: Cannot assign to 'testCaseResults' because it is a constant.
src/app/api/assignments/[id]/results/route.ts(297,16): error TS18046: 'question' is of type 'unknown'.
src/app/api/assignments/[id]/results/route.ts(299,25): error TS18046: 'question' is of type 'unknown'.
src/app/api/assignments/[id]/results/route.ts(299,60): error TS18046: 'question' is of type 'unknown'.
src/app/api/assignments/[id]/results/route.ts(303,13): error TS18046: 'question' is of type 'unknown'.
src/app/api/assignments/[id]/results/route.ts(304,15): error TS18046: 'question' is of type 'unknown'.
src/app/api/assignments/[id]/results/route.ts(305,16): error TS18046: 'question' is of type 'unknown'.
src/app/api/assignments/[id]/results/route.ts(306,22): error TS18046: 'question' is of type 'unknown'.
src/app/api/assignments/[id]/results/route.ts(311,20): error TS18046: 'question' is of type 'unknown'.
src/app/api/assignments/[id]/results/route.ts(313,18): error TS18046: 'question' is of type 'unknown'.
src/app/api/assignments/[id]/results/route.ts(313,45): error TS18046: 'question' is of type 'unknown'.
src/app/api/assignments/[id]/results/route.ts(313,91): error TS18046: 'question' is of type 'unknown'.
src/app/api/assignments/[id]/results/route.ts(313,115): error TS18046: 'question' is of type 'unknown'.
src/app/api/assignments/[id]/results/route.ts(322,82): error TS18046: 'q' is of type 'unknown'.
src/app/api/assignments/[id]/results/route.ts(323,75): error TS18046: 'q' is of type 'unknown'.
src/app/api/assignments/[id]/results/route.ts(348,25): error TS18046: 'v' is of type 'unknown'.
src/app/api/assignments/[id]/results/route.ts(348,52): error TS18046: 'v' is of type 'unknown'.
src/app/api/assignments/[id]/results/route.ts(349,19): error TS18046: 'v' is of type 'unknown'.
src/app/api/assignments/[id]/results/route.ts(349,61): error TS18046: 'v' is of type 'unknown'.
src/app/api/assignments/[id]/violations/route.ts(14,33): error TS2339: Property 'id' does not exist on type 'Promise<{ id: string; }>'.
src/app/api/auth/2fa/login-verify/route.ts(28,9): error TS2353: Object literal may only specify known properties, and 'totp_secret' does not exist in type 'UserSelect<DefaultArgs>'.
src/app/api/auth/2fa/login-verify/route.ts(33,24): error TS2339: Property 'totp_enabled' does not exist on type '{ id: string; email: string; password_hash: string | null; name: string; avatar: string | null; role: UserRole; club_id: string | null; bio: string | null; social_links: JsonValue; ... 24 more ...; notification_preferences: JsonValue; }'.
src/app/api/auth/2fa/login-verify/route.ts(33,46): error TS2339: Property 'totp_secret' does not exist on type '{ id: string; email: string; password_hash: string | null; name: string; avatar: string | null; role: UserRole; club_id: string | null; bio: string | null; social_links: JsonValue; ... 24 more ...; notification_preferences: JsonValue; }'.
src/app/api/auth/2fa/login-verify/route.ts(42,42): error TS2576: Property 'verifyToken' does not exist on type 'TwoFactorAuthService'. Did you mean to access the static member 'TwoFactorAuthService.verifyToken' instead?
src/app/api/auth/2fa/login-verify/route.ts(42,59): error TS2339: Property 'totp_secret' does not exist on type '{ id: string; email: string; password_hash: string | null; name: string; avatar: string | null; role: UserRole; club_id: string | null; bio: string | null; social_links: JsonValue; ... 24 more ...; notification_preferences: JsonValue; }'.
src/app/api/chat/messages/[id]/react/route.ts(40,27): error TS2339: Property 'id' does not exist on type 'Promise<{ id: string; }>'.
src/app/api/chat/messages/[id]/react/route.ts(50,10): error TS7053: Element implicitly has an 'any' type because expression of type 'any' can't be used to index type 'string | number | true | JsonObject | JsonArray'.
src/app/api/chat/messages/[id]/react/route.ts(51,7): error TS7053: Element implicitly has an 'any' type because expression of type 'any' can't be used to index type 'string | number | true | JsonObject | JsonArray'.
src/app/api/chat/messages/[id]/react/route.ts(55,23): error TS7053: Element implicitly has an 'any' type because expression of type 'any' can't be used to index type 'string | number | true | JsonObject | JsonArray'.
src/app/api/chat/messages/[id]/react/route.ts(57,7): error TS7053: Element implicitly has an 'any' type because expression of type 'any' can't be used to index type 'string | number | true | JsonObject | JsonArray'.
src/app/api/chat/messages/[id]/react/route.ts(58,11): error TS7053: Element implicitly has an 'any' type because expression of type 'any' can't be used to index type 'string | number | true | JsonObject | JsonArray'.
src/app/api/chat/messages/[id]/react/route.ts(59,16): error TS7053: Element implicitly has an 'any' type because expression of type 'any' can't be used to index type 'string | number | true | JsonObject | JsonArray'.
src/app/api/chat/messages/[id]/react/route.ts(62,7): error TS7053: Element implicitly has an 'any' type because expression of type 'any' can't be used to index type 'string | number | true | JsonObject | JsonArray'.
src/app/api/chat/messages/[id]/react/route.ts(67,27): error TS2339: Property 'id' does not exist on type 'Promise<{ id: string; }>'.
src/app/api/chat/messages/[id]/route.ts(24,30): error TS2339: Property 'id' does not exist on type 'Promise<{ id: string; }>'.
src/app/api/chat/messages/[id]/route.ts(89,30): error TS2339: Property 'id' does not exist on type 'Promise<{ id: string; }>'.
src/app/api/chat/rooms/[id]/upload/route.ts(48,45): error TS2339: Property 'id' does not exist on type 'Promise<{ id: string; }>'.
src/app/api/chat/rooms/[id]/upload/route.ts(69,25): error TS2339: Property 'id' does not exist on type 'Promise<{ id: string; }>'.
src/app/api/events/[id]/attend/route.ts(95,49): error TS2339: Property 'id' does not exist on type 'Promise<{ id: string; }>'.
src/app/api/events/[id]/attend/route.ts(170,49): error TS2339: Property 'id' does not exist on type 'Promise<{ id: string; }>'.
src/app/clubs/[clubId]/page_new.tsx(367,41): error TS2339: Property 'event_date' does not exist on type '{ id: string; title: string; date: string; time: string; location: string; attendeeCount: number; }'.
src/app/clubs/[clubId]/page_new.tsx(368,32): error TS2339: Property 'event_time' does not exist on type '{ id: string; title: string; date: string; time: string; location: string; attendeeCount: number; }'.
src/app/management/page.tsx(525,30): error TS2339: Property 'event_date' does not exist on type 'Event'.
src/app/management/page.tsx(525,52): error TS2339: Property 'event_time' does not exist on type 'Event'.
src/components/PostCard.tsx(3,22): error TS2307: Cannot find module '@/shared/types' or its corresponding type declarations.
src/components/PostCard.tsx(4,42): error TS2307: Cannot find module '@/shared/utils' or its corresponding type declarations.
src/components/assignment/QuestionList.tsx(433,9): error TS2322: Type '{ isOpen: boolean; title: string; message: string; confirmText: string; cancelText: string; type: string; onConfirm: () => void; onCancel: () => void; }' is not assignable to type 'IntrinsicAttributes & ConfirmationModalProps'.
  Property 'type' does not exist on type 'IntrinsicAttributes & ConfirmationModalProps'.
